<?xml version="1.0" encoding="UTF-8"?>
<!-- Generated by org.testng.reporters.JUnitReportReporter -->
<testsuite hostname="AppathuraiN" name="com.tests.web.HomePageTest" tests="4" failures="0" timestamp="6 Sep 2020 10:47:40 GMT" time="38.828" errors="0">
  <testcase name="OpenProductHelpMenu" time="0.109" classname="com.tests.web.HomePageTest"/>
  <testcase name="CloseAboutProductPopUp" time="0.189" classname="com.tests.web.HomePageTest"/>
  <testcase name="LogoutApplication" time="36.815" classname="com.tests.web.HomePageTest"/>
  <testcase name="OpenAboutProductPopUp" time="1.715" classname="com.tests.web.HomePageTest"/>
</testsuite> <!-- com.tests.web.HomePageTest -->
