<?xml version="1.0" encoding="UTF-8"?>
<!-- Generated by org.testng.reporters.JUnitReportReporter -->
<testsuite hostname="AppathuraiN" name="com.tests.web.LoginPageTest" tests="2" failures="0" timestamp="6 Sep 2020 10:47:40 GMT" time="140.450" errors="0">
  <testcase name="CheckLoginDetails" time="97.988" classname="com.tests.web.LoginPageTest"/>
  <testcase name="OpenLoginPageTest" time="42.462" classname="com.tests.web.LoginPageTest"/>
</testsuite> <!-- com.tests.web.LoginPageTest -->
